%!Adobe-FontList 1.17
%Locale:0x409

%BeginFont
Handler:DirectoryHandler
FontType:TrueType
FontName:GreatVibes-Regular
FamilyName:Great Vibes
StyleName:Regular
FullName:Great Vibes
MenuName:Great Vibes
StyleBits:0
WritingScript:Roman
OutlineFileName:C:\Users\Stevie\Documents\Springfield Mid-America Singers\Print\Programs\_Template\Document fonts\GreatVibes.ttf
DataFormat:sfntData
FileLength:106004
FileModTime:1332997200
WeightClass:400
WidthClass:5
AngleClass:0
NameArray:0,Mac,4,Great Vibes
NameArray:0,Win,1,Great Vibes
%EndFont

